S=C=A=N: Fri Feb 17 17:16:25 2023: Collect start
 ./phase_i

L=30, L_IN_BYTES=4, N=7, NHASHES=1073741824,
DIFFICULTY=0, |idx| = 4bytes, NSEERVERS=1,
NSLOTS_MY_NODE=10425222000, NPROBES_MAX=64, VAL_SIZE=2
NDEFINED BYTES=1, NCND_NEEDED=8192≈2^13.0000,
NDISCARDED_BITS=10
AVX_SIZE=512bits, mask_ones=0
NPROBES LOOK UP = 2
-------------------------------


========================================

Going to store 7516192.77 kB
No states file has been found. Starting from the beginning
file_name=data/digests/0
interval=1048576, nhashes_stored≈0
Going to generate hashed with DIFFICULTY=0
0.0977%, ETA 212.0261sec, write 35.41 MB/S, 2^22.270 hashes/sec #hashes≈1048576,  msg_ctr=1048576
0.1953%, ETA 212.0131sec, write 35.38 MB/S, 2^22.269 hashes/sec #hashes≈2097152,  msg_ctr=2097152
0.2930%, ETA 210.5466sec, write 35.59 MB/S, 2^22.278 hashes/sec #hashes≈3145728,  msg_ctr=3145728
0.3906%, ETA 211.3890sec, write 35.42 MB/S, 2^22.271 hashes/sec #hashes≈4194304,  msg_ctr=4194304
0.4883%, ETA 211.1225sec, write 35.43 MB/S, 2^22.271 hashes/sec #hashes≈5242880,  msg_ctr=5242880
0.5859%, ETA 208.4171sec, write 35.85 MB/S, 2^22.288 hashes/sec #hashes≈6291456,  msg_ctr=6291456
0.6836%, ETA 209.1350sec, write 35.69 MB/S, 2^22.282 hashes/sec #hashes≈7340032,  msg_ctr=7340032
0.7812%, ETA 208.3044sec, write 35.80 MB/S, 2^22.286 hashes/sec #hashes≈8388608,  msg_ctr=8388608
0.8789%, ETA 212.9927sec, write 34.98 MB/S, 2^22.253 hashes/sec #hashes≈9437184,  msg_ctr=9437184
0.9766%, ETA 212.8276sec, write 34.97 MB/S, 2^22.252 hashes/sec #hashes≈10485760,  msg_ctr=10485760
1.0742%, ETA 208.3347sec, write 35.69 MB/S, 2^22.282 hashes/sec #hashes≈11534336,  msg_ctr=11534336
1.1719%, ETA 209.4090sec, write 35.47 MB/S, 2^22.273 hashes/sec #hashes≈12582912,  msg_ctr=12582912
1.2695%, ETA 207.8038sec, write 35.71 MB/S, 2^22.282 hashes/sec #hashes≈13631488,  msg_ctr=13631488
1.3672%, ETA 208.0842sec, write 35.63 MB/S, 2^22.279 hashes/sec #hashes≈14680064,  msg_ctr=14680064
1.4648%, ETA 206.6140sec, write 35.85 MB/S, 2^22.288 hashes/sec #hashes≈15728640,  msg_ctr=15728640
1.5625%, ETA 209.8971sec, write 35.25 MB/S, 2^22.264 hashes/sec #hashes≈16777216,  msg_ctr=16777216
1.6602%, ETA 229.1479sec, write 32.26 MB/S, 2^22.136 hashes/sec #hashes≈17825792,  msg_ctr=17825792
1.7578%, ETA 206.8425sec, write 35.70 MB/S, 2^22.282 hashes/sec #hashes≈18874368,  msg_ctr=18874368
1.8555%, ETA 208.4651sec, write 35.39 MB/S, 2^22.269 hashes/sec #hashes≈19922944,  msg_ctr=19922944
1.9531%, ETA 206.9545sec, write 35.61 MB/S, 2^22.278 hashes/sec #hashes≈20971520,  msg_ctr=20971520
2.0508%, ETA 207.0222sec, write 35.56 MB/S, 2^22.276 hashes/sec #hashes≈22020096,  msg_ctr=22020096
2.1484%, ETA 207.5753sec, write 35.43 MB/S, 2^22.271 hashes/sec #hashes≈23068672,  msg_ctr=23068672
2.2461%, ETA 206.4982sec, write 35.58 MB/S, 2^22.277 hashes/sec #hashes≈24117248,  msg_ctr=24117248
2.3438%, ETA 207.8950sec, write 35.31 MB/S, 2^22.266 hashes/sec #hashes≈25165824,  msg_ctr=25165824
2.4414%, ETA 205.2206sec, write 35.73 MB/S, 2^22.283 hashes/sec #hashes≈26214400,  msg_ctr=26214400
2.5391%, ETA 205.5081sec, write 35.65 MB/S, 2^22.280 hashes/sec #hashes≈27262976,  msg_ctr=27262976
2.6367%, ETA 206.1425sec, write 35.50 MB/S, 2^22.274 hashes/sec #hashes≈28311552,  msg_ctr=28311552
2.7344%, ETA 206.1502sec, write 35.46 MB/S, 2^22.272 hashes/sec #hashes≈29360128,  msg_ctr=29360128
2.8320%, ETA 206.4157sec, write 35.38 MB/S, 2^22.269 hashes/sec #hashes≈30408704,  msg_ctr=30408704
2.9297%, ETA 206.8941sec, write 35.26 MB/S, 2^22.264 hashes/sec #hashes≈31457280,  msg_ctr=31457280
3.0273%, ETA 207.8825sec, write 35.06 MB/S, 2^22.256 hashes/sec #hashes≈32505856,  msg_ctr=32505856
3.1250%, ETA 206.5107sec, write 35.26 MB/S, 2^22.264 hashes/sec #hashes≈33554432,  msg_ctr=33554432
3.2227%, ETA 212.2039sec, write 34.28 MB/S, 2^22.223 hashes/sec #hashes≈34603008,  msg_ctr=34603008
3.3203%, ETA 212.4182sec, write 34.21 MB/S, 2^22.221 hashes/sec #hashes≈35651584,  msg_ctr=35651584
3.4180%, ETA 207.9433sec, write 34.91 MB/S, 2^22.250 hashes/sec #hashes≈36700160,  msg_ctr=36700160
3.5156%, ETA 206.8082sec, write 35.07 MB/S, 2^22.256 hashes/sec #hashes≈37748736,  msg_ctr=37748736
3.6133%, ETA 210.3278sec, write 34.44 MB/S, 2^22.230 hashes/sec #hashes≈38797312,  msg_ctr=38797312
3.7109%, ETA 206.9721sec, write 34.97 MB/S, 2^22.252 hashes/sec #hashes≈39845888,  msg_ctr=39845888
3.8086%, ETA 206.7110sec, write 34.98 MB/S, 2^22.253 hashes/sec #hashes≈40894464,  msg_ctr=40894464
3.9062%, ETA 204.9150sec, write 35.25 MB/S, 2^22.264 hashes/sec #hashes≈41943040,  msg_ctr=41943040
4.0039%, ETA 219.6082sec, write 32.86 MB/S, 2^22.162 hashes/sec #hashes≈42991616,  msg_ctr=42991616
4.1016%, ETA 212.6098sec, write 33.90 MB/S, 2^22.208 hashes/sec #hashes≈44040192,  msg_ctr=44040192
4.1992%, ETA 203.8010sec, write 35.33 MB/S, 2^22.267 hashes/sec #hashes≈45088768,  msg_ctr=45088768
4.2969%, ETA 202.0906sec, write 35.59 MB/S, 2^22.278 hashes/sec #hashes≈46137344,  msg_ctr=46137344
4.3945%, ETA 202.9723sec, write 35.40 MB/S, 2^22.270 hashes/sec #hashes≈47185920,  msg_ctr=47185920
4.4922%, ETA 201.8239sec, write 35.57 MB/S, 2^22.277 hashes/sec #hashes≈48234496,  msg_ctr=48234496
4.5898%, ETA 202.0038sec, write 35.50 MB/S, 2^22.274 hashes/sec #hashes≈49283072,  msg_ctr=49283072
4.6875%, ETA 201.4396sec, write 35.56 MB/S, 2^22.277 hashes/sec #hashes≈50331648,  msg_ctr=50331648
4.7852%, ETA 200.0165sec, write 35.78 MB/S, 2^22.285 hashes/sec #hashes≈51380224,  msg_ctr=51380224
4.8828%, ETA 200.2026sec, write 35.71 MB/S, 2^22.282 hashes/sec #hashes≈52428800,  msg_ctr=52428800
4.9805%, ETA 199.9544sec, write 35.72 MB/S, 2^22.283 hashes/sec #hashes≈53477376,  msg_ctr=53477376
5.0781%, ETA 201.1088sec, write 35.48 MB/S, 2^22.273 hashes/sec #hashes≈54525952,  msg_ctr=54525952
5.1758%, ETA 200.3289sec, write 35.58 MB/S, 2^22.277 hashes/sec #hashes≈55574528,  msg_ctr=55574528
5.2734%, ETA 200.6959sec, write 35.48 MB/S, 2^22.273 hashes/sec #hashes≈56623104,  msg_ctr=56623104
5.3711%, ETA 199.0529sec, write 35.73 MB/S, 2^22.283 hashes/sec #hashes≈57671680,  msg_ctr=57671680
5.4688%, ETA 200.7806sec, write 35.39 MB/S, 2^22.269 hashes/sec #hashes≈58720256,  msg_ctr=58720256
5.5664%, ETA 203.0179sec, write 34.96 MB/S, 2^22.252 hashes/sec #hashes≈59768832,  msg_ctr=59768832
5.6641%, ETA 203.3197sec, write 34.87 MB/S, 2^22.248 hashes/sec #hashes≈60817408,  msg_ctr=60817408
5.7617%, ETA 201.0045sec, write 35.24 MB/S, 2^22.263 hashes/sec #hashes≈61865984,  msg_ctr=61865984
5.8594%, ETA 201.3295sec, write 35.15 MB/S, 2^22.259 hashes/sec #hashes≈62914560,  msg_ctr=62914560
5.9570%, ETA 201.4634sec, write 35.09 MB/S, 2^22.257 hashes/sec #hashes≈63963136,  msg_ctr=63963136
6.0547%, ETA 199.8056sec, write 35.34 MB/S, 2^22.267 hashes/sec #hashes≈65011712,  msg_ctr=65011712
6.1523%, ETA 200.1753sec, write 35.24 MB/S, 2^22.263 hashes/sec #hashes≈66060288,  msg_ctr=66060288
6.2500%, ETA 200.0736sec, write 35.22 MB/S, 2^22.263 hashes/sec #hashes≈67108864,  msg_ctr=67108864
6.3477%, ETA 199.6560sec, write 35.26 MB/S, 2^22.264 hashes/sec #hashes≈68157440,  msg_ctr=68157440
6.4453%, ETA 220.7548sec, write 31.85 MB/S, 2^22.118 hashes/sec #hashes≈69206016,  msg_ctr=69206016
6.5430%, ETA 198.9880sec, write 35.30 MB/S, 2^22.266 hashes/sec #hashes≈70254592,  msg_ctr=70254592
6.6406%, ETA 196.4782sec, write 35.71 MB/S, 2^22.283 hashes/sec #hashes≈71303168,  msg_ctr=71303168
6.7383%, ETA 196.9821sec, write 35.59 MB/S, 2^22.277 hashes/sec #hashes≈72351744,  msg_ctr=72351744
6.8359%, ETA 198.1297sec, write 35.34 MB/S, 2^22.268 hashes/sec #hashes≈73400320,  msg_ctr=73400320
6.9336%, ETA 198.8224sec, write 35.18 MB/S, 2^22.261 hashes/sec #hashes≈74448896,  msg_ctr=74448896
7.0312%, ETA 196.8384sec, write 35.50 MB/S, 2^22.274 hashes/sec #hashes≈75497472,  msg_ctr=75497472
7.1289%, ETA 196.8103sec, write 35.47 MB/S, 2^22.273 hashes/sec #hashes≈76546048,  msg_ctr=76546048
7.2266%, ETA 195.9954sec, write 35.58 MB/S, 2^22.277 hashes/sec #hashes≈77594624,  msg_ctr=77594624
7.3242%, ETA 194.8097sec, write 35.76 MB/S, 2^22.284 hashes/sec #hashes≈78643200,  msg_ctr=78643200
7.4219%, ETA 197.6389sec, write 35.21 MB/S, 2^22.262 hashes/sec #hashes≈79691776,  msg_ctr=79691776
7.5195%, ETA 199.6628sec, write 34.81 MB/S, 2^22.246 hashes/sec #hashes≈80740352,  msg_ctr=80740352
7.6172%, ETA 195.0597sec, write 35.60 MB/S, 2^22.278 hashes/sec #hashes≈81788928,  msg_ctr=81788928
7.7148%, ETA 195.5242sec, write 35.48 MB/S, 2^22.273 hashes/sec #hashes≈82837504,  msg_ctr=82837504
7.8125%, ETA 193.8181sec, write 35.75 MB/S, 2^22.284 hashes/sec #hashes≈83886080,  msg_ctr=83886080
7.9102%, ETA 196.7051sec, write 35.19 MB/S, 2^22.261 hashes/sec #hashes≈84934656,  msg_ctr=84934656
8.0078%, ETA 197.4441sec, write 35.02 MB/S, 2^22.254 hashes/sec #hashes≈85983232,  msg_ctr=85983232
8.1055%, ETA 193.2805sec, write 35.74 MB/S, 2^22.283 hashes/sec #hashes≈87031808,  msg_ctr=87031808
8.2031%, ETA 193.2461sec, write 35.70 MB/S, 2^22.282 hashes/sec #hashes≈88080384,  msg_ctr=88080384
8.3008%, ETA 195.3619sec, write 35.28 MB/S, 2^22.265 hashes/sec #hashes≈89128960,  msg_ctr=89128960
8.3984%, ETA 194.0280sec, write 35.48 MB/S, 2^22.273 hashes/sec #hashes≈90177536,  msg_ctr=90177536
8.4961%, ETA 192.5255sec, write 35.72 MB/S, 2^22.283 hashes/sec #hashes≈91226112,  msg_ctr=91226112
8.5938%, ETA 192.3227sec, write 35.72 MB/S, 2^22.283 hashes/sec #hashes≈92274688,  msg_ctr=92274688
8.6914%, ETA 192.8045sec, write 35.60 MB/S, 2^22.278 hashes/sec #hashes≈93323264,  msg_ctr=93323264
8.7891%, ETA 191.7734sec, write 35.75 MB/S, 2^22.284 hashes/sec #hashes≈94371840,  msg_ctr=94371840
8.8867%, ETA 218.7157sec, write 31.31 MB/S, 2^22.093 hashes/sec #hashes≈95420416,  msg_ctr=95420416
8.9844%, ETA 194.0797sec, write 35.25 MB/S, 2^22.264 hashes/sec #hashes≈96468992,  msg_ctr=96468992
9.0820%, ETA 192.0746sec, write 35.58 MB/S, 2^22.277 hashes/sec #hashes≈97517568,  msg_ctr=97517568
9.1797%, ETA 193.4697sec, write 35.28 MB/S, 2^22.265 hashes/sec #hashes≈98566144,  msg_ctr=98566144
9.2773%, ETA 191.1251sec, write 35.68 MB/S, 2^22.281 hashes/sec #hashes≈99614720,  msg_ctr=99614720
9.3750%, ETA 191.6181sec, write 35.55 MB/S, 2^22.276 hashes/sec #hashes≈100663296,  msg_ctr=100663296
9.4727%, ETA 192.6148sec, write 35.33 MB/S, 2^22.267 hashes/sec #hashes≈101711872,  msg_ctr=101711872
9.5703%, ETA 192.3931sec, write 35.33 MB/S, 2^22.267 hashes/sec #hashes≈102760448,  msg_ctr=102760448
9.6680%, ETA 190.4777sec, write 35.64 MB/S, 2^22.280 hashes/sec #hashes≈103809024,  msg_ctr=103809024
9.7656%, ETA 189.8876sec, write 35.72 MB/S, 2^22.283 hashes/sec #hashes≈104857600,  msg_ctr=104857600
9.8633%, ETA 189.9792sec, write 35.66 MB/S, 2^22.280 hashes/sec #hashes≈105906176,  msg_ctr=105906176
9.9609%, ETA 189.6960sec, write 35.68 MB/S, 2^22.281 hashes/sec #hashes≈106954752,  msg_ctr=106954752
10.0586%, ETA 188.7452sec, write 35.82 MB/S, 2^22.287 hashes/sec #hashes≈108003328,  msg_ctr=108003328
10.1562%, ETA 187.9118sec, write 35.94 MB/S, 2^22.292 hashes/sec #hashes≈109051904,  msg_ctr=109051904
10.2539%, ETA 191.3827sec, write 35.25 MB/S, 2^22.264 hashes/sec #hashes≈110100480,  msg_ctr=110100480
10.3516%, ETA 191.6130sec, write 35.17 MB/S, 2^22.260 hashes/sec #hashes≈111149056,  msg_ctr=111149056
10.4492%, ETA 188.2746sec, write 35.75 MB/S, 2^22.284 hashes/sec #hashes≈112197632,  msg_ctr=112197632
10.5469%, ETA 187.8734sec, write 35.79 MB/S, 2^22.286 hashes/sec #hashes≈113246208,  msg_ctr=113246208
10.6445%, ETA 188.9547sec, write 35.54 MB/S, 2^22.276 hashes/sec #hashes≈114294784,  msg_ctr=114294784
10.7422%, ETA 189.1788sec, write 35.46 MB/S, 2^22.272 hashes/sec #hashes≈115343360,  msg_ctr=115343360
10.8398%, ETA 188.1819sec, write 35.61 MB/S, 2^22.278 hashes/sec #hashes≈116391936,  msg_ctr=116391936
10.9375%, ETA 189.5892sec, write 35.31 MB/S, 2^22.266 hashes/sec #hashes≈117440512,  msg_ctr=117440512
11.0352%, ETA 189.2175sec, write 35.34 MB/S, 2^22.267 hashes/sec #hashes≈118489088,  msg_ctr=118489088
11.1328%, ETA 188.3318sec, write 35.47 MB/S, 2^22.273 hashes/sec #hashes≈119537664,  msg_ctr=119537664
11.2305%, ETA 206.9782sec, write 32.24 MB/S, 2^22.135 hashes/sec #hashes≈120586240,  msg_ctr=120586240
11.3281%, ETA 198.7311sec, write 33.54 MB/S, 2^22.192 hashes/sec #hashes≈121634816,  msg_ctr=121634816
11.4258%, ETA 186.8455sec, write 35.63 MB/S, 2^22.279 hashes/sec #hashes≈122683392,  msg_ctr=122683392
11.5234%, ETA 186.5680sec, write 35.64 MB/S, 2^22.280 hashes/sec #hashes≈123731968,  msg_ctr=123731968
11.6211%, ETA 186.8372sec, write 35.55 MB/S, 2^22.276 hashes/sec #hashes≈124780544,  msg_ctr=124780544
11.7188%, ETA 187.0330sec, write 35.48 MB/S, 2^22.273 hashes/sec #hashes≈125829120,  msg_ctr=125829120
11.8164%, ETA 187.5141sec, write 35.35 MB/S, 2^22.268 hashes/sec #hashes≈126877696,  msg_ctr=126877696
11.9141%, ETA 186.4334sec, write 35.51 MB/S, 2^22.274 hashes/sec #hashes≈127926272,  msg_ctr=127926272
12.0117%, ETA 184.8358sec, write 35.78 MB/S, 2^22.285 hashes/sec #hashes≈128974848,  msg_ctr=128974848
12.1094%, ETA 186.0228sec, write 35.51 MB/S, 2^22.274 hashes/sec #hashes≈130023424,  msg_ctr=130023424
12.2070%, ETA 185.9734sec, write 35.48 MB/S, 2^22.273 hashes/sec #hashes≈131072000,  msg_ctr=131072000
12.3047%, ETA 185.4255sec, write 35.55 MB/S, 2^22.276 hashes/sec #hashes≈132120576,  msg_ctr=132120576
12.4023%, ETA 184.6689sec, write 35.65 MB/S, 2^22.280 hashes/sec #hashes≈133169152,  msg_ctr=133169152
12.5000%, ETA 183.8322sec, write 35.78 MB/S, 2^22.285 hashes/sec #hashes≈134217728,  msg_ctr=134217728
12.5977%, ETA 186.7515sec, write 35.18 MB/S, 2^22.261 hashes/sec #hashes≈135266304,  msg_ctr=135266304
12.6953%, ETA 185.1347sec, write 35.44 MB/S, 2^22.272 hashes/sec #hashes≈136314880,  msg_ctr=136314880
12.7930%, ETA 184.2642sec, write 35.57 MB/S, 2^22.277 hashes/sec #hashes≈137363456,  msg_ctr=137363456
12.8906%, ETA 183.6806sec, write 35.65 MB/S, 2^22.280 hashes/sec #hashes≈138412032,  msg_ctr=138412032
12.9883%, ETA 183.5505sec, write 35.63 MB/S, 2^22.279 hashes/sec #hashes≈139460608,  msg_ctr=139460608
13.0859%, ETA 184.8059sec, write 35.35 MB/S, 2^22.268 hashes/sec #hashes≈140509184,  msg_ctr=140509184
13.1836%, ETA 184.3787sec, write 35.39 MB/S, 2^22.270 hashes/sec #hashes≈141557760,  msg_ctr=141557760
13.2812%, ETA 184.3622sec, write 35.35 MB/S, 2^22.268 hashes/sec #hashes≈142606336,  msg_ctr=142606336
13.3789%, ETA 183.0892sec, write 35.56 MB/S, 2^22.276 hashes/sec #hashes≈143654912,  msg_ctr=143654912
13.4766%, ETA 183.3408sec, write 35.47 MB/S, 2^22.273 hashes/sec #hashes≈144703488,  msg_ctr=144703488
13.5742%, ETA 183.5898sec, write 35.38 MB/S, 2^22.269 hashes/sec #hashes≈145752064,  msg_ctr=145752064
13.6719%, ETA 185.8105sec, write 34.92 MB/S, 2^22.250 hashes/sec #hashes≈146800640,  msg_ctr=146800640
13.7695%, ETA 204.8348sec, write 31.64 MB/S, 2^22.108 hashes/sec #hashes≈147849216,  msg_ctr=147849216
13.8672%, ETA 188.7375sec, write 34.30 MB/S, 2^22.224 hashes/sec #hashes≈148897792,  msg_ctr=148897792
13.9648%, ETA 181.9767sec, write 35.54 MB/S, 2^22.275 hashes/sec #hashes≈149946368,  msg_ctr=149946368
14.0625%, ETA 181.0881sec, write 35.67 MB/S, 2^22.281 hashes/sec #hashes≈150994944,  msg_ctr=150994944
14.1602%, ETA 181.3553sec, write 35.58 MB/S, 2^22.277 hashes/sec #hashes≈152043520,  msg_ctr=152043520
14.2578%, ETA 182.6775sec, write 35.28 MB/S, 2^22.265 hashes/sec #hashes≈153092096,  msg_ctr=153092096
14.3555%, ETA 182.5126sec, write 35.27 MB/S, 2^22.265 hashes/sec #hashes≈154140672,  msg_ctr=154140672
14.4531%, ETA 182.0968sec, write 35.31 MB/S, 2^22.266 hashes/sec #hashes≈155189248,  msg_ctr=155189248
14.5508%, ETA 180.5853sec, write 35.57 MB/S, 2^22.277 hashes/sec #hashes≈156237824,  msg_ctr=156237824
14.6484%, ETA 179.6036sec, write 35.72 MB/S, 2^22.283 hashes/sec #hashes≈157286400,  msg_ctr=157286400
14.7461%, ETA 179.6414sec, write 35.67 MB/S, 2^22.281 hashes/sec #hashes≈158334976,  msg_ctr=158334976
14.8438%, ETA 179.9329sec, write 35.57 MB/S, 2^22.277 hashes/sec #hashes≈159383552,  msg_ctr=159383552
14.9414%, ETA 183.6722sec, write 34.81 MB/S, 2^22.246 hashes/sec #hashes≈160432128,  msg_ctr=160432128
15.0391%, ETA 181.0558sec, write 35.27 MB/S, 2^22.265 hashes/sec #hashes≈161480704,  msg_ctr=161480704
15.1367%, ETA 189.4351sec, write 33.67 MB/S, 2^22.198 hashes/sec #hashes≈162529280,  msg_ctr=162529280
15.2344%, ETA 182.6490sec, write 34.88 MB/S, 2^22.249 hashes/sec #hashes≈163577856,  msg_ctr=163577856
15.3320%, ETA 179.6441sec, write 35.42 MB/S, 2^22.271 hashes/sec #hashes≈164626432,  msg_ctr=164626432
15.4297%, ETA 178.6385sec, write 35.58 MB/S, 2^22.277 hashes/sec #hashes≈165675008,  msg_ctr=165675008
15.5273%, ETA 178.3769sec, write 35.59 MB/S, 2^22.278 hashes/sec #hashes≈166723584,  msg_ctr=166723584
15.6250%, ETA 178.9621sec, write 35.44 MB/S, 2^22.271 hashes/sec #hashes≈167772160,  msg_ctr=167772160
15.7227%, ETA 178.3130sec, write 35.52 MB/S, 2^22.275 hashes/sec #hashes≈168820736,  msg_ctr=168820736
15.8203%, ETA 179.6468sec, write 35.22 MB/S, 2^22.263 hashes/sec #hashes≈169869312,  msg_ctr=169869312
15.9180%, ETA 177.4445sec, write 35.62 MB/S, 2^22.279 hashes/sec #hashes≈170917888,  msg_ctr=170917888
16.0156%, ETA 177.6011sec, write 35.54 MB/S, 2^22.276 hashes/sec #hashes≈171966464,  msg_ctr=171966464
16.1133%, ETA 177.6103sec, write 35.50 MB/S, 2^22.274 hashes/sec #hashes≈173015040,  msg_ctr=173015040
16.2109%, ETA 198.9694sec, write 31.65 MB/S, 2^22.108 hashes/sec #hashes≈174063616,  msg_ctr=174063616
16.3086%, ETA 178.8258sec, write 35.18 MB/S, 2^22.261 hashes/sec #hashes≈175112192,  msg_ctr=175112192
16.4062%, ETA 176.4226sec, write 35.61 MB/S, 2^22.279 hashes/sec #hashes≈176160768,  msg_ctr=176160768
16.5039%, ETA 176.4010sec, write 35.58 MB/S, 2^22.277 hashes/sec #hashes≈177209344,  msg_ctr=177209344
16.6016%, ETA 178.0599sec, write 35.20 MB/S, 2^22.262 hashes/sec #hashes≈178257920,  msg_ctr=178257920
16.6992%, ETA 175.9526sec, write 35.58 MB/S, 2^22.277 hashes/sec #hashes≈179306496,  msg_ctr=179306496
16.7969%, ETA 175.9575sec, write 35.54 MB/S, 2^22.276 hashes/sec #hashes≈180355072,  msg_ctr=180355072
16.8945%, ETA 176.7815sec, write 35.33 MB/S, 2^22.267 hashes/sec #hashes≈181403648,  msg_ctr=181403648
16.9922%, ETA 174.8891sec, write 35.67 MB/S, 2^22.281 hashes/sec #hashes≈182452224,  msg_ctr=182452224
17.0898%, ETA 174.9686sec, write 35.62 MB/S, 2^22.279 hashes/sec #hashes≈183500800,  msg_ctr=183500800
17.1875%, ETA 173.9164sec, write 35.79 MB/S, 2^22.286 hashes/sec #hashes≈184549376,  msg_ctr=184549376
17.2852%, ETA 178.8763sec, write 34.76 MB/S, 2^22.243 hashes/sec #hashes≈185597952,  msg_ctr=185597952
17.3828%, ETA 178.1244sec, write 34.86 MB/S, 2^22.248 hashes/sec #hashes≈186646528,  msg_ctr=186646528
17.4805%, ETA 175.4964sec, write 35.34 MB/S, 2^22.268 hashes/sec #hashes≈187695104,  msg_ctr=187695104
17.5781%, ETA 174.5410sec, write 35.49 MB/S, 2^22.274 hashes/sec #hashes≈188743680,  msg_ctr=188743680
17.6758%, ETA 176.7392sec, write 35.01 MB/S, 2^22.254 hashes/sec #hashes≈189792256,  msg_ctr=189792256
17.7734%, ETA 175.6782sec, write 35.18 MB/S, 2^22.261 hashes/sec #hashes≈190840832,  msg_ctr=190840832
17.8711%, ETA 172.4438sec, write 35.80 MB/S, 2^22.286 hashes/sec #hashes≈191889408,  msg_ctr=191889408
17.9688%, ETA 173.7380sec, write 35.49 MB/S, 2^22.273 hashes/sec #hashes≈192937984,  msg_ctr=192937984
18.0664%, ETA 173.4154sec, write 35.51 MB/S, 2^22.274 hashes/sec #hashes≈193986560,  msg_ctr=193986560
18.1641%, ETA 174.9727sec, write 35.15 MB/S, 2^22.260 hashes/sec #hashes≈195035136,  msg_ctr=195035136
18.2617%, ETA 172.1876sec, write 35.68 MB/S, 2^22.281 hashes/sec #hashes≈196083712,  msg_ctr=196083712
18.3594%, ETA 172.5715sec, write 35.56 MB/S, 2^22.276 hashes/sec #hashes≈197132288,  msg_ctr=197132288
18.4570%, ETA 174.7229sec, write 35.08 MB/S, 2^22.257 hashes/sec #hashes≈198180864,  msg_ctr=198180864
18.5547%, ETA 191.3438sec, write 31.99 MB/S, 2^22.124 hashes/sec #hashes≈199229440,  msg_ctr=199229440
18.6523%, ETA 177.5981sec, write 34.43 MB/S, 2^22.230 hashes/sec #hashes≈200278016,  msg_ctr=200278016
18.7500%, ETA 169.8520sec, write 35.95 MB/S, 2^22.292 hashes/sec #hashes≈201326592,  msg_ctr=201326592
18.8477%, ETA 171.1601sec, write 35.64 MB/S, 2^22.280 hashes/sec #hashes≈202375168,  msg_ctr=202375168
18.9453%, ETA 172.7163sec, write 35.27 MB/S, 2^22.265 hashes/sec #hashes≈203423744,  msg_ctr=203423744
19.0430%, ETA 170.0602sec, write 35.78 MB/S, 2^22.285 hashes/sec #hashes≈204472320,  msg_ctr=204472320
19.1406%, ETA 170.7303sec, write 35.60 MB/S, 2^22.278 hashes/sec #hashes≈205520896,  msg_ctr=205520896
19.2383%, ETA 170.2554sec, write 35.65 MB/S, 2^22.280 hashes/sec #hashes≈206569472,  msg_ctr=206569472
19.3359%, ETA 170.0157sec, write 35.66 MB/S, 2^22.280 hashes/sec #hashes≈207618048,  msg_ctr=207618048
19.4336%, ETA 169.9145sec, write 35.64 MB/S, 2^22.280 hashes/sec #hashes≈208666624,  msg_ctr=208666624
19.5312%, ETA 170.0720sec, write 35.56 MB/S, 2^22.276 hashes/sec #hashes≈209715200,  msg_ctr=209715200
19.6289%, ETA 172.2893sec, write 35.06 MB/S, 2^22.256 hashes/sec #hashes≈210763776,  msg_ctr=210763776
19.7266%, ETA 173.6401sec, write 34.75 MB/S, 2^22.243 hashes/sec #hashes≈211812352,  msg_ctr=211812352
19.8242%, ETA 171.7097sec, write 35.10 MB/S, 2^22.257 hashes/sec #hashes≈212860928,  msg_ctr=212860928
19.9219%, ETA 169.7097sec, write 35.47 MB/S, 2^22.273 hashes/sec #hashes≈213909504,  msg_ctr=213909504
20.0195%, ETA 168.5592sec, write 35.66 MB/S, 2^22.281 hashes/sec #hashes≈214958080,  msg_ctr=214958080
20.1172%, ETA 169.4200sec, write 35.44 MB/S, 2^22.271 hashes/sec #hashes≈216006656,  msg_ctr=216006656
20.2148%, ETA 169.8633sec, write 35.30 MB/S, 2^22.266 hashes/sec #hashes≈217055232,  msg_ctr=217055232
20.3125%, ETA 169.9287sec, write 35.25 MB/S, 2^22.264 hashes/sec #hashes≈218103808,  msg_ctr=218103808
20.4102%, ETA 168.3685sec, write 35.53 MB/S, 2^22.275 hashes/sec #hashes≈219152384,  msg_ctr=219152384
20.5078%, ETA 168.0062sec, write 35.56 MB/S, 2^22.277 hashes/sec #hashes≈220200960,  msg_ctr=220200960
20.6055%, ETA 166.8390sec, write 35.77 MB/S, 2^22.285 hashes/sec #hashes≈221249536,  msg_ctr=221249536
20.7031%, ETA 166.9350sec, write 35.70 MB/S, 2^22.282 hashes/sec #hashes≈222298112,  msg_ctr=222298112
20.8008%, ETA 166.5454sec, write 35.74 MB/S, 2^22.284 hashes/sec #hashes≈223346688,  msg_ctr=223346688
20.8984%, ETA 165.3947sec, write 35.95 MB/S, 2^22.292 hashes/sec #hashes≈224395264,  msg_ctr=224395264
20.9961%, ETA 187.0643sec, write 31.74 MB/S, 2^22.113 hashes/sec #hashes≈225443840,  msg_ctr=225443840
21.0938%, ETA 165.8590sec, write 35.76 MB/S, 2^22.284 hashes/sec #hashes≈226492416,  msg_ctr=226492416
21.1914%, ETA 165.9796sec, write 35.69 MB/S, 2^22.282 hashes/sec #hashes≈227540992,  msg_ctr=227540992
21.2891%, ETA 165.1994sec, write 35.81 MB/S, 2^22.287 hashes/sec #hashes≈228589568,  msg_ctr=228589568
21.3867%, ETA 165.2374sec, write 35.76 MB/S, 2^22.284 hashes/sec #hashes≈229638144,  msg_ctr=229638144
21.4844%, ETA 165.2284sec, write 35.72 MB/S, 2^22.283 hashes/sec #hashes≈230686720,  msg_ctr=230686720
21.5820%, ETA 166.3615sec, write 35.43 MB/S, 2^22.271 hashes/sec #hashes≈231735296,  msg_ctr=231735296
21.6797%, ETA 165.4341sec, write 35.58 MB/S, 2^22.277 hashes/sec #hashes≈232783872,  msg_ctr=232783872
21.7773%, ETA 164.5311sec, write 35.73 MB/S, 2^22.283 hashes/sec #hashes≈233832448,  msg_ctr=233832448
21.8750%, ETA 164.1953sec, write 35.76 MB/S, 2^22.285 hashes/sec #hashes≈234881024,  msg_ctr=234881024
21.9727%, ETA 167.4721sec, write 35.02 MB/S, 2^22.254 hashes/sec #hashes≈235929600,  msg_ctr=235929600
22.0703%, ETA 166.5610sec, write 35.17 MB/S, 2^22.260 hashes/sec #hashes≈236978176,  msg_ctr=236978176
22.1680%, ETA 164.4865sec, write 35.57 MB/S, 2^22.277 hashes/sec #hashes≈238026752,  msg_ctr=238026752
22.2656%, ETA 164.1600sec, write 35.59 MB/S, 2^22.278 hashes/sec #hashes≈239075328,  msg_ctr=239075328
22.3633%, ETA 164.0172sec, write 35.58 MB/S, 2^22.277 hashes/sec #hashes≈240123904,  msg_ctr=240123904
22.4609%, ETA 164.7366sec, write 35.38 MB/S, 2^22.269 hashes/sec #hashes≈241172480,  msg_ctr=241172480
22.5586%, ETA 163.3350sec, write 35.64 MB/S, 2^22.279 hashes/sec #hashes≈242221056,  msg_ctr=242221056
22.6562%, ETA 162.8218sec, write 35.70 MB/S, 2^22.282 hashes/sec #hashes≈243269632,  msg_ctr=243269632
22.7539%, ETA 164.2273sec, write 35.35 MB/S, 2^22.268 hashes/sec #hashes≈244318208,  msg_ctr=244318208
22.8516%, ETA 162.2012sec, write 35.75 MB/S, 2^22.284 hashes/sec #hashes≈245366784,  msg_ctr=245366784
22.9492%, ETA 163.5258sec, write 35.42 MB/S, 2^22.271 hashes/sec #hashes≈246415360,  msg_ctr=246415360
23.0469%, ETA 161.4573sec, write 35.82 MB/S, 2^22.287 hashes/sec #hashes≈247463936,  msg_ctr=247463936
23.1445%, ETA 161.7143sec, write 35.72 MB/S, 2^22.283 hashes/sec #hashes≈248512512,  msg_ctr=248512512
23.2422%, ETA 161.8509sec, write 35.65 MB/S, 2^22.280 hashes/sec #hashes≈249561088,  msg_ctr=249561088
23.3398%, ETA 163.1583sec, write 35.31 MB/S, 2^22.266 hashes/sec #hashes≈250609664,  msg_ctr=250609664
23.4375%, ETA 163.6458sec, write 35.16 MB/S, 2^22.260 hashes/sec #hashes≈251658240,  msg_ctr=251658240
23.5352%, ETA 181.8838sec, write 31.60 MB/S, 2^22.106 hashes/sec #hashes≈252706816,  msg_ctr=252706816
23.6328%, ETA 176.8812sec, write 32.45 MB/S, 2^22.144 hashes/sec #hashes≈253755392,  msg_ctr=253755392
23.7305%, ETA 183.6014sec, write 31.22 MB/S, 2^22.089 hashes/sec #hashes≈254803968,  msg_ctr=254803968
23.8281%, ETA 161.3445sec, write 35.48 MB/S, 2^22.273 hashes/sec #hashes≈255852544,  msg_ctr=255852544
23.9258%, ETA 162.6148sec, write 35.16 MB/S, 2^22.260 hashes/sec #hashes≈256901120,  msg_ctr=256901120
24.0234%, ETA 160.9854sec, write 35.47 MB/S, 2^22.273 hashes/sec #hashes≈257949696,  msg_ctr=257949696
24.1211%, ETA 161.6906sec, write 35.27 MB/S, 2^22.265 hashes/sec #hashes≈258998272,  msg_ctr=258998272
24.2188%, ETA 159.6279sec, write 35.68 MB/S, 2^22.281 hashes/sec #hashes≈260046848,  msg_ctr=260046848
24.3164%, ETA 183.6726sec, write 30.97 MB/S, 2^22.077 hashes/sec #hashes≈261095424,  msg_ctr=261095424
24.4141%, ETA 165.0763sec, write 34.42 MB/S, 2^22.229 hashes/sec #hashes≈262144000,  msg_ctr=262144000
24.5117%, ETA 163.2298sec, write 34.76 MB/S, 2^22.244 hashes/sec #hashes≈263192576,  msg_ctr=263192576
24.6094%, ETA 159.0343sec, write 35.63 MB/S, 2^22.279 hashes/sec #hashes≈264241152,  msg_ctr=264241152
24.7070%, ETA 159.4590sec, write 35.49 MB/S, 2^22.274 hashes/sec #hashes≈265289728,  msg_ctr=265289728
24.8047%, ETA 161.4773sec, write 35.00 MB/S, 2^22.254 hashes/sec #hashes≈266338304,  msg_ctr=266338304
24.9023%, ETA 160.0013sec, write 35.28 MB/S, 2^22.265 hashes/sec #hashes≈267386880,  msg_ctr=267386880
25.0000%, ETA 159.7218sec, write 35.29 MB/S, 2^22.266 hashes/sec #hashes≈268435456,  msg_ctr=268435456
25.0977%, ETA 159.4493sec, write 35.31 MB/S, 2^22.266 hashes/sec #hashes≈269484032,  msg_ctr=269484032
25.1953%, ETA 159.4783sec, write 35.26 MB/S, 2^22.264 hashes/sec #hashes≈270532608,  msg_ctr=270532608
25.2930%, ETA 158.4812sec, write 35.43 MB/S, 2^22.271 hashes/sec #hashes≈271581184,  msg_ctr=271581184
25.3906%, ETA 159.0167sec, write 35.27 MB/S, 2^22.264 hashes/sec #hashes≈272629760,  msg_ctr=272629760
25.4883%, ETA 157.4771sec, write 35.56 MB/S, 2^22.277 hashes/sec #hashes≈273678336,  msg_ctr=273678336
25.5859%, ETA 157.4392sec, write 35.53 MB/S, 2^22.275 hashes/sec #hashes≈274726912,  msg_ctr=274726912
25.6836%, ETA 157.0879sec, write 35.56 MB/S, 2^22.276 hashes/sec #hashes≈275775488,  msg_ctr=275775488
25.7812%, ETA 157.6217sec, write 35.39 MB/S, 2^22.270 hashes/sec #hashes≈276824064,  msg_ctr=276824064
25.8789%, ETA 155.7057sec, write 35.78 MB/S, 2^22.285 hashes/sec #hashes≈277872640,  msg_ctr=277872640
25.9766%, ETA 154.8472sec, write 35.93 MB/S, 2^22.291 hashes/sec #hashes≈278921216,  msg_ctr=278921216
26.0742%, ETA 165.4990sec, write 33.57 MB/S, 2^22.193 hashes/sec #hashes≈279969792,  msg_ctr=279969792
26.1719%, ETA 178.5529sec, write 31.08 MB/S, 2^22.082 hashes/sec #hashes≈281018368,  msg_ctr=281018368
26.2695%, ETA 155.7428sec, write 35.58 MB/S, 2^22.277 hashes/sec #hashes≈282066944,  msg_ctr=282066944
26.3672%, ETA 155.4997sec, write 35.59 MB/S, 2^22.278 hashes/sec #hashes≈283115520,  msg_ctr=283115520
26.4648%, ETA 155.3229sec, write 35.58 MB/S, 2^22.277 hashes/sec #hashes≈284164096,  msg_ctr=2841640